INFO:werkzeug: * Detected change in '/home/arjjuna/flask/compagnon/compagnon/app/client/views.py', reloading
INFO:werkzeug: * Restarting with stat
WARNING:werkzeug: * Debugger is active!
INFO:werkzeug: * Debugger pin code: 299-266-661
INFO:werkzeug: * Detected change in '/home/arjjuna/flask/compagnon/compagnon/app/client/views.py', reloading
INFO:werkzeug: * Restarting with stat
WARNING:werkzeug: * Debugger is active!
INFO:werkzeug: * Debugger pin code: 299-266-661
INFO:werkzeug: * Detected change in '/home/arjjuna/flask/compagnon/compagnon/app/client/views.py', reloading
INFO:werkzeug: * Restarting with stat
WARNING:werkzeug: * Debugger is active!
INFO:werkzeug: * Debugger pin code: 299-266-661
INFO:root:
INFO:root:30/03/2017
INFO:werkzeug: * Detected change in '/home/arjjuna/flask/compagnon/compagnon/app/client/views.py', reloading
INFO:werkzeug: * Restarting with stat
WARNING:werkzeug: * Debugger is active!
INFO:werkzeug: * Debugger pin code: 299-266-661
INFO:werkzeug: * Detected change in '/home/arjjuna/flask/compagnon/compagnon/app/client/views.py', reloading
INFO:werkzeug: * Restarting with stat
WARNING:werkzeug: * Debugger is active!
INFO:werkzeug: * Debugger pin code: 299-266-661
INFO:werkzeug: * Detected change in '/home/arjjuna/flask/compagnon/compagnon/app/client/views.py', reloading
INFO:werkzeug: * Restarting with stat
WARNING:werkzeug: * Debugger is active!
INFO:werkzeug: * Debugger pin code: 299-266-661
INFO:werkzeug: * Detected change in '/home/arjjuna/flask/compagnon/compagnon/app/client/views.py', reloading
INFO:werkzeug: * Restarting with stat
WARNING:werkzeug: * Debugger is active!
INFO:werkzeug: * Debugger pin code: 299-266-661
INFO:werkzeug: * Detected change in '/home/arjjuna/flask/compagnon/compagnon/app/client/views.py', reloading
INFO:werkzeug: * Restarting with stat
WARNING:werkzeug: * Debugger is active!
INFO:werkzeug: * Debugger pin code: 299-266-661
INFO:werkzeug: * Detected change in '/home/arjjuna/flask/compagnon/compagnon/app/client/views.py', reloading
INFO:werkzeug: * Restarting with stat
WARNING:werkzeug: * Debugger is active!
INFO:werkzeug: * Debugger pin code: 299-266-661
INFO:werkzeug: * Detected change in '/home/arjjuna/flask/compagnon/compagnon/app/client/views.py', reloading
INFO:werkzeug: * Restarting with stat
WARNING:werkzeug: * Debugger is active!
INFO:werkzeug: * Debugger pin code: 299-266-661
INFO:werkzeug: * Detected change in '/home/arjjuna/flask/compagnon/compagnon/app/client/views.py', reloading
INFO:werkzeug: * Restarting with stat
WARNING:werkzeug: * Debugger is active!
INFO:werkzeug: * Debugger pin code: 299-266-661
INFO:werkzeug: * Detected change in '/home/arjjuna/flask/compagnon/compagnon/app/client/views.py', reloading
INFO:werkzeug: * Restarting with stat
WARNING:werkzeug: * Debugger is active!
INFO:werkzeug: * Debugger pin code: 299-266-661
INFO:werkzeug: * Restarting with stat
WARNING:werkzeug: * Debugger is active!
INFO:werkzeug: * Debugger pin code: 299-266-661
INFO:werkzeug: * Detected change in '/home/arjjuna/flask/compagnon/compagnon/app/client/views.py', reloading
INFO:werkzeug: * Restarting with stat
WARNING:werkzeug: * Debugger is active!
INFO:werkzeug: * Debugger pin code: 299-266-661
INFO:werkzeug: * Detected change in '/home/arjjuna/flask/compagnon/compagnon/app/client/views.py', reloading
INFO:werkzeug: * Restarting with stat
WARNING:werkzeug: * Debugger is active!
INFO:werkzeug: * Debugger pin code: 299-266-661
INFO:werkzeug: * Detected change in '/home/arjjuna/flask/compagnon/compagnon/app/client/views.py', reloading
INFO:werkzeug: * Restarting with stat
WARNING:werkzeug: * Debugger is active!
INFO:werkzeug: * Debugger pin code: 299-266-661
INFO:werkzeug: * Detected change in '/home/arjjuna/flask/compagnon/compagnon/app/client/views.py', reloading
INFO:werkzeug: * Restarting with stat
WARNING:werkzeug: * Debugger is active!
INFO:werkzeug: * Debugger pin code: 299-266-661
INFO:werkzeug: * Detected change in '/home/arjjuna/flask/compagnon/compagnon/app/client/views.py', reloading
INFO:werkzeug: * Restarting with stat
WARNING:werkzeug: * Debugger is active!
INFO:werkzeug: * Debugger pin code: 299-266-661
INFO:werkzeug: * Detected change in '/home/arjjuna/flask/compagnon/compagnon/app/prof/views.py', reloading
INFO:werkzeug: * Restarting with stat
INFO:werkzeug: * Restarting with stat
WARNING:werkzeug: * Debugger is active!
INFO:werkzeug: * Debugger pin code: 299-266-661
INFO:werkzeug: * Detected change in '/home/arjjuna/flask/compagnon/compagnon/app/prof/views.py', reloading
INFO:werkzeug: * Restarting with stat
WARNING:werkzeug: * Debugger is active!
INFO:werkzeug: * Debugger pin code: 299-266-661
INFO:werkzeug: * Detected change in '/home/arjjuna/flask/compagnon/compagnon/app/prof/views.py', reloading
INFO:werkzeug: * Restarting with stat
WARNING:werkzeug: * Debugger is active!
INFO:werkzeug: * Debugger pin code: 299-266-661
INFO:werkzeug: * Detected change in '/home/arjjuna/flask/compagnon/compagnon/app/prof/views.py', reloading
INFO:werkzeug: * Restarting with stat
WARNING:werkzeug: * Debugger is active!
INFO:werkzeug: * Debugger pin code: 299-266-661
INFO:werkzeug: * Detected change in '/home/arjjuna/flask/compagnon/compagnon/app/client/views.py', reloading
INFO:werkzeug: * Restarting with stat
WARNING:werkzeug: * Debugger is active!
INFO:werkzeug: * Debugger pin code: 299-266-661
INFO:werkzeug: * Detected change in '/home/arjjuna/flask/compagnon/compagnon/app/prof/views.py', reloading
INFO:werkzeug: * Restarting with stat
WARNING:werkzeug: * Debugger is active!
INFO:werkzeug: * Debugger pin code: 299-266-661
INFO:werkzeug: * Detected change in '/home/arjjuna/flask/compagnon/compagnon/app/models.py', reloading
INFO:werkzeug: * Restarting with stat
INFO:werkzeug: * Restarting with stat
WARNING:werkzeug: * Debugger is active!
INFO:werkzeug: * Debugger pin code: 299-266-661
INFO:werkzeug: * Restarting with stat
WARNING:werkzeug: * Debugger is active!
INFO:werkzeug: * Debugger pin code: 299-266-661
INFO:werkzeug: * Restarting with stat
WARNING:werkzeug: * Debugger is active!
INFO:werkzeug: * Debugger pin code: 299-266-661
INFO:werkzeug: * Detected change in '/home/arjjuna/flask/compagnon/compagnon/app/prof/views.py', reloading
INFO:werkzeug: * Restarting with stat
WARNING:werkzeug: * Debugger is active!
INFO:werkzeug: * Debugger pin code: 299-266-661
INFO:werkzeug: * Restarting with stat
WARNING:werkzeug: * Debugger is active!
INFO:werkzeug: * Debugger pin code: 299-266-661
INFO:werkzeug: * Detected change in '/home/arjjuna/flask/compagnon/compagnon/app/prof/views.py', reloading
INFO:werkzeug: * Restarting with stat
WARNING:werkzeug: * Debugger is active!
INFO:werkzeug: * Debugger pin code: 299-266-661
INFO:werkzeug: * Detected change in '/home/arjjuna/flask/compagnon/compagnon/app/prof/views.py', reloading
INFO:werkzeug: * Restarting with stat
WARNING:werkzeug: * Debugger is active!
INFO:werkzeug: * Debugger pin code: 299-266-661
INFO:werkzeug: * Detected change in '/home/arjjuna/flask/compagnon/compagnon/app/prof/views.py', reloading
INFO:werkzeug: * Restarting with stat
WARNING:werkzeug: * Debugger is active!
INFO:werkzeug: * Debugger pin code: 299-266-661
INFO:werkzeug: * Detected change in '/home/arjjuna/flask/compagnon/compagnon/app/prof/views.py', reloading
INFO:werkzeug: * Restarting with stat
WARNING:werkzeug: * Debugger is active!
INFO:werkzeug: * Debugger pin code: 299-266-661
INFO:werkzeug: * Detected change in '/home/arjjuna/flask/compagnon/compagnon/app/prof/views.py', reloading
INFO:werkzeug: * Restarting with stat
WARNING:werkzeug: * Debugger is active!
INFO:werkzeug: * Debugger pin code: 299-266-661
INFO:werkzeug: * Detected change in '/home/arjjuna/flask/compagnon/compagnon/app/models.py', reloading
INFO:werkzeug: * Restarting with stat
INFO:werkzeug: * Restarting with stat
WARNING:werkzeug: * Debugger is active!
INFO:werkzeug: * Debugger pin code: 299-266-661
INFO:werkzeug: * Detected change in '/home/arjjuna/flask/compagnon/compagnon/app/models.py', reloading
INFO:werkzeug: * Restarting with stat
WARNING:werkzeug: * Debugger is active!
INFO:werkzeug: * Debugger pin code: 299-266-661
INFO:werkzeug: * Detected change in '/home/arjjuna/flask/compagnon/compagnon/app/models.py', reloading
INFO:werkzeug: * Restarting with stat
WARNING:werkzeug: * Debugger is active!
INFO:werkzeug: * Debugger pin code: 299-266-661
INFO:werkzeug: * Detected change in '/home/arjjuna/flask/compagnon/compagnon/app/models.py', reloading
INFO:werkzeug: * Restarting with stat
WARNING:werkzeug: * Debugger is active!
INFO:werkzeug: * Debugger pin code: 299-266-661
INFO:werkzeug: * Detected change in '/home/arjjuna/flask/compagnon/compagnon/app/prof/views.py', reloading
INFO:werkzeug: * Restarting with stat
INFO:werkzeug: * Restarting with stat
WARNING:werkzeug: * Debugger is active!
INFO:werkzeug: * Debugger pin code: 299-266-661
INFO:werkzeug: * Detected change in '/home/arjjuna/flask/compagnon/compagnon/app/prof/views.py', reloading
INFO:werkzeug: * Restarting with stat
WARNING:werkzeug: * Debugger is active!
INFO:werkzeug: * Debugger pin code: 299-266-661
INFO:werkzeug: * Detected change in '/home/arjjuna/flask/compagnon/compagnon/app/prof/views.py', reloading
INFO:werkzeug: * Restarting with stat
WARNING:werkzeug: * Debugger is active!
INFO:werkzeug: * Debugger pin code: 299-266-661
INFO:werkzeug: * Detected change in '/home/arjjuna/flask/compagnon/compagnon/app/prof/views.py', reloading
INFO:werkzeug: * Restarting with stat
WARNING:werkzeug: * Debugger is active!
INFO:werkzeug: * Debugger pin code: 299-266-661
INFO:werkzeug: * Detected change in '/home/arjjuna/flask/compagnon/compagnon/app/prof/views.py', reloading
INFO:werkzeug: * Restarting with stat
WARNING:werkzeug: * Debugger is active!
INFO:werkzeug: * Debugger pin code: 299-266-661
INFO:werkzeug: * Detected change in '/home/arjjuna/flask/compagnon/compagnon/app/prof/views.py', reloading
INFO:werkzeug: * Restarting with stat
WARNING:werkzeug: * Debugger is active!
INFO:werkzeug: * Debugger pin code: 299-266-661
INFO:werkzeug: * Detected change in '/home/arjjuna/flask/compagnon/compagnon/app/prof/views.py', reloading
INFO:werkzeug: * Restarting with stat
WARNING:werkzeug: * Debugger is active!
INFO:werkzeug: * Debugger pin code: 299-266-661
INFO:werkzeug: * Detected change in '/home/arjjuna/flask/compagnon/compagnon/app/prof/views.py', reloading
INFO:werkzeug: * Restarting with stat
WARNING:werkzeug: * Debugger is active!
INFO:werkzeug: * Debugger pin code: 299-266-661
INFO:werkzeug: * Detected change in '/home/arjjuna/flask/compagnon/compagnon/app/prof/views.py', reloading
INFO:werkzeug: * Restarting with stat
WARNING:werkzeug: * Debugger is active!
INFO:werkzeug: * Debugger pin code: 299-266-661
INFO:werkzeug: * Detected change in '/home/arjjuna/flask/compagnon/compagnon/app/models.py', reloading
INFO:werkzeug: * Restarting with stat
WARNING:werkzeug: * Debugger is active!
INFO:werkzeug: * Debugger pin code: 299-266-661
INFO:werkzeug: * Restarting with stat
WARNING:werkzeug: * Debugger is active!
INFO:werkzeug: * Debugger pin code: 299-266-661
INFO:werkzeug: * Detected change in '/home/arjjuna/flask/compagnon/compagnon/app/models.py', reloading
INFO:werkzeug: * Restarting with stat
WARNING:werkzeug: * Debugger is active!
INFO:werkzeug: * Debugger pin code: 299-266-661
INFO:werkzeug: * Restarting with stat
WARNING:werkzeug: * Debugger is active!
INFO:werkzeug: * Debugger pin code: 299-266-661
INFO:werkzeug: * Detected change in '/home/arjjuna/flask/compagnon/compagnon/app/prof/views.py', reloading
INFO:werkzeug: * Restarting with stat
WARNING:werkzeug: * Debugger is active!
INFO:werkzeug: * Debugger pin code: 299-266-661
INFO:werkzeug: * Detected change in '/home/arjjuna/flask/compagnon/compagnon/app/client/views.py', reloading
INFO:werkzeug: * Restarting with stat
WARNING:werkzeug: * Debugger is active!
INFO:werkzeug: * Debugger pin code: 299-266-661
INFO:werkzeug: * Detected change in '/home/arjjuna/flask/compagnon/compagnon/app/models.py', reloading
INFO:werkzeug: * Restarting with stat
WARNING:werkzeug: * Debugger is active!
INFO:werkzeug: * Debugger pin code: 299-266-661
INFO:werkzeug: * Detected change in '/home/arjjuna/flask/compagnon/compagnon/app/models.py', reloading
INFO:werkzeug: * Restarting with stat
WARNING:werkzeug: * Debugger is active!
INFO:werkzeug: * Debugger pin code: 299-266-661
INFO:werkzeug: * Detected change in '/home/arjjuna/flask/compagnon/compagnon/app/models.py', reloading
INFO:werkzeug: * Restarting with stat
WARNING:werkzeug: * Debugger is active!
INFO:werkzeug: * Debugger pin code: 299-266-661
INFO:werkzeug: * Detected change in '/home/arjjuna/flask/compagnon/compagnon/app/models.py', reloading
INFO:werkzeug: * Restarting with stat
WARNING:werkzeug: * Debugger is active!
INFO:werkzeug: * Debugger pin code: 299-266-661
INFO:werkzeug: * Restarting with stat
WARNING:werkzeug: * Debugger is active!
INFO:werkzeug: * Debugger pin code: 299-266-661
INFO:werkzeug: * Detected change in '/home/arjjuna/flask/compagnon/compagnon/app/models.py', reloading
INFO:werkzeug: * Restarting with stat
WARNING:werkzeug: * Debugger is active!
INFO:werkzeug: * Debugger pin code: 299-266-661
INFO:werkzeug: * Restarting with stat
WARNING:werkzeug: * Debugger is active!
INFO:werkzeug: * Debugger pin code: 299-266-661
INFO:werkzeug: * Detected change in '/home/arjjuna/flask/compagnon/compagnon/app/models.py', reloading
INFO:werkzeug: * Restarting with stat
WARNING:werkzeug: * Debugger is active!
INFO:werkzeug: * Debugger pin code: 299-266-661
INFO:werkzeug: * Restarting with stat
WARNING:werkzeug: * Debugger is active!
INFO:werkzeug: * Debugger pin code: 299-266-661
INFO:werkzeug: * Restarting with stat
WARNING:werkzeug: * Debugger is active!
INFO:werkzeug: * Debugger pin code: 299-266-661
INFO:werkzeug: * Detected change in '/home/arjjuna/flask/compagnon/compagnon/app/models.py', reloading
INFO:werkzeug: * Restarting with stat
WARNING:werkzeug: * Debugger is active!
INFO:werkzeug: * Debugger pin code: 299-266-661
INFO:werkzeug: * Restarting with stat
WARNING:werkzeug: * Debugger is active!
INFO:werkzeug: * Debugger pin code: 299-266-661
INFO:werkzeug: * Restarting with stat
WARNING:werkzeug: * Debugger is active!
INFO:werkzeug: * Debugger pin code: 299-266-661
INFO:werkzeug: * Detected change in '/home/arjjuna/flask/compagnon/compagnon/app/prof/views.py', reloading
INFO:werkzeug: * Restarting with stat
WARNING:werkzeug: * Debugger is active!
INFO:werkzeug: * Debugger pin code: 299-266-661
INFO:werkzeug: * Detected change in '/home/arjjuna/flask/compagnon/compagnon/app/prof/views.py', reloading
INFO:werkzeug: * Restarting with stat
WARNING:werkzeug: * Debugger is active!
INFO:werkzeug: * Debugger pin code: 299-266-661
INFO:werkzeug: * Detected change in '/home/arjjuna/flask/compagnon/compagnon/app/models.py', reloading
INFO:werkzeug: * Restarting with stat
WARNING:werkzeug: * Debugger is active!
INFO:werkzeug: * Debugger pin code: 299-266-661
INFO:werkzeug: * Restarting with stat
WARNING:werkzeug: * Debugger is active!
INFO:werkzeug: * Debugger pin code: 210-097-500
INFO:werkzeug: * Restarting with stat
WARNING:werkzeug: * Debugger is active!
INFO:werkzeug: * Debugger pin code: 210-097-500
INFO:werkzeug: * Detected change in '/home/arjjuna/flask/compagnon/compagnon/app/models.py', reloading
INFO:werkzeug: * Restarting with stat
WARNING:werkzeug: * Debugger is active!
INFO:werkzeug: * Debugger pin code: 210-097-500
INFO:werkzeug: * Detected change in '/home/arjjuna/flask/compagnon/compagnon/app/models.py', reloading
INFO:werkzeug: * Restarting with stat
WARNING:werkzeug: * Debugger is active!
INFO:werkzeug: * Debugger pin code: 210-097-500
INFO:werkzeug: * Detected change in '/home/arjjuna/flask/compagnon/compagnon/app/models.py', reloading
INFO:werkzeug: * Restarting with stat
WARNING:werkzeug: * Debugger is active!
INFO:werkzeug: * Debugger pin code: 210-097-500
INFO:werkzeug: * Detected change in '/home/arjjuna/flask/compagnon/compagnon/app/models.py', reloading
INFO:werkzeug: * Restarting with stat
WARNING:werkzeug: * Debugger is active!
INFO:werkzeug: * Debugger pin code: 210-097-500
INFO:werkzeug: * Detected change in '/home/arjjuna/flask/compagnon/compagnon/app/models.py', reloading
INFO:werkzeug: * Restarting with stat
WARNING:werkzeug: * Debugger is active!
INFO:werkzeug: * Debugger pin code: 210-097-500
INFO:werkzeug: * Detected change in '/home/arjjuna/flask/compagnon/compagnon/app/models.py', reloading
INFO:werkzeug: * Restarting with stat
WARNING:werkzeug: * Debugger is active!
INFO:werkzeug: * Debugger pin code: 210-097-500
INFO:werkzeug: * Detected change in '/home/arjjuna/flask/compagnon/compagnon/app/models.py', reloading
INFO:werkzeug: * Restarting with stat
WARNING:werkzeug: * Debugger is active!
INFO:werkzeug: * Debugger pin code: 210-097-500
INFO:werkzeug: * Detected change in '/home/arjjuna/flask/compagnon/compagnon/app/models.py', reloading
INFO:werkzeug: * Restarting with stat
WARNING:werkzeug: * Debugger is active!
INFO:werkzeug: * Debugger pin code: 210-097-500
INFO:werkzeug: * Detected change in '/home/arjjuna/flask/compagnon/compagnon/app/models.py', reloading
INFO:werkzeug: * Restarting with stat
WARNING:werkzeug: * Debugger is active!
INFO:werkzeug: * Debugger pin code: 210-097-500
INFO:werkzeug: * Detected change in '/home/arjjuna/flask/compagnon/compagnon/app/models.py', reloading
INFO:werkzeug: * Restarting with stat
WARNING:werkzeug: * Debugger is active!
INFO:werkzeug: * Debugger pin code: 210-097-500
INFO:werkzeug: * Detected change in '/home/arjjuna/flask/compagnon/compagnon/app/models.py', reloading
INFO:werkzeug: * Restarting with stat
WARNING:werkzeug: * Debugger is active!
INFO:werkzeug: * Debugger pin code: 210-097-500
INFO:werkzeug: * Detected change in '/home/arjjuna/flask/compagnon/compagnon/app/models.py', reloading
INFO:werkzeug: * Restarting with stat
WARNING:werkzeug: * Debugger is active!
INFO:werkzeug: * Debugger pin code: 210-097-500
INFO:werkzeug: * Detected change in '/home/arjjuna/flask/compagnon/compagnon/app/models.py', reloading
INFO:werkzeug: * Restarting with stat
WARNING:werkzeug: * Debugger is active!
INFO:werkzeug: * Debugger pin code: 210-097-500
INFO:werkzeug: * Detected change in '/home/arjjuna/flask/compagnon/compagnon/app/models.py', reloading
INFO:werkzeug: * Restarting with stat
WARNING:werkzeug: * Debugger is active!
INFO:werkzeug: * Debugger pin code: 210-097-500
INFO:werkzeug: * Detected change in '/home/arjjuna/flask/compagnon/compagnon/app/models.py', reloading
INFO:werkzeug: * Restarting with stat
WARNING:werkzeug: * Debugger is active!
INFO:werkzeug: * Debugger pin code: 210-097-500
INFO:werkzeug: * Detected change in '/home/arjjuna/flask/compagnon/compagnon/app/models.py', reloading
INFO:werkzeug: * Restarting with stat
WARNING:werkzeug: * Debugger is active!
INFO:werkzeug: * Debugger pin code: 210-097-500
INFO:werkzeug: * Detected change in '/home/arjjuna/flask/compagnon/compagnon/app/models.py', reloading
INFO:werkzeug: * Restarting with stat
WARNING:werkzeug: * Debugger is active!
INFO:werkzeug: * Debugger pin code: 210-097-500
INFO:werkzeug: * Detected change in '/home/arjjuna/flask/compagnon/compagnon/app/prof/views.py', reloading
INFO:werkzeug: * Restarting with stat
WARNING:werkzeug: * Debugger is active!
INFO:werkzeug: * Debugger pin code: 210-097-500
INFO:werkzeug: * Detected change in '/home/arjjuna/flask/compagnon/compagnon/app/prof/views.py', reloading
INFO:werkzeug: * Restarting with stat
WARNING:werkzeug: * Debugger is active!
INFO:werkzeug: * Debugger pin code: 210-097-500
INFO:werkzeug: * Detected change in '/home/arjjuna/flask/compagnon/compagnon/app/prof/views.py', reloading
INFO:werkzeug: * Restarting with stat
WARNING:werkzeug: * Debugger is active!
INFO:werkzeug: * Debugger pin code: 210-097-500
INFO:werkzeug: * Restarting with stat
WARNING:werkzeug: * Debugger is active!
INFO:werkzeug: * Debugger pin code: 210-097-500
INFO:werkzeug: * Detected change in '/home/arjjuna/flask/compagnon/compagnon/app/__init__.py', reloading
INFO:werkzeug: * Restarting with stat
WARNING:werkzeug: * Debugger is active!
INFO:werkzeug: * Debugger pin code: 210-097-500
INFO:werkzeug: * Detected change in '/home/arjjuna/flask/compagnon/compagnon/config.py', reloading
INFO:werkzeug: * Restarting with stat
WARNING:werkzeug: * Debugger is active!
INFO:werkzeug: * Debugger pin code: 210-097-500
INFO:werkzeug: * Detected change in '/home/arjjuna/flask/compagnon/compagnon/app/utils.py', reloading
INFO:werkzeug: * Restarting with stat
WARNING:werkzeug: * Debugger is active!
INFO:werkzeug: * Debugger pin code: 210-097-500
INFO:werkzeug: * Detected change in '/home/arjjuna/flask/compagnon/compagnon/app/prof/views.py', reloading
INFO:werkzeug: * Restarting with stat
WARNING:werkzeug: * Debugger is active!
INFO:werkzeug: * Debugger pin code: 210-097-500
INFO:werkzeug: * Detected change in '/home/arjjuna/flask/compagnon/compagnon/app/prof/views.py', reloading
INFO:werkzeug: * Restarting with stat
WARNING:werkzeug: * Debugger is active!
INFO:werkzeug: * Debugger pin code: 210-097-500
INFO:werkzeug: * Detected change in '/home/arjjuna/flask/compagnon/compagnon/app/prof/views.py', reloading
INFO:werkzeug: * Restarting with stat
WARNING:werkzeug: * Debugger is active!
INFO:werkzeug: * Debugger pin code: 210-097-500
INFO:werkzeug: * Detected change in '/home/arjjuna/flask/compagnon/compagnon/app/prof/views.py', reloading
INFO:werkzeug: * Restarting with stat
WARNING:werkzeug: * Debugger is active!
INFO:werkzeug: * Debugger pin code: 210-097-500
INFO:werkzeug: * Detected change in '/home/arjjuna/flask/compagnon/compagnon/app/prof/views.py', reloading
INFO:werkzeug: * Restarting with stat
INFO:werkzeug: * Restarting with stat
WARNING:werkzeug: * Debugger is active!
INFO:werkzeug: * Debugger pin code: 210-097-500
INFO:werkzeug: * Detected change in '/home/arjjuna/flask/compagnon/compagnon/config.py', reloading
INFO:werkzeug: * Restarting with stat
WARNING:werkzeug: * Debugger is active!
INFO:werkzeug: * Debugger pin code: 210-097-500
INFO:werkzeug: * Detected change in '/home/arjjuna/flask/compagnon/compagnon/app/prof/views.py', reloading
INFO:werkzeug: * Restarting with stat
WARNING:werkzeug: * Debugger is active!
INFO:werkzeug: * Debugger pin code: 210-097-500
INFO:werkzeug: * Detected change in '/home/arjjuna/flask/compagnon/compagnon/app/prof/views.py', reloading
INFO:werkzeug: * Restarting with stat
WARNING:werkzeug: * Debugger is active!
INFO:werkzeug: * Debugger pin code: 210-097-500
INFO:werkzeug: * Detected change in '/home/arjjuna/flask/compagnon/compagnon/app/prof/views.py', reloading
INFO:werkzeug: * Restarting with stat
WARNING:werkzeug: * Debugger is active!
INFO:werkzeug: * Debugger pin code: 210-097-500
INFO:werkzeug: * Detected change in '/home/arjjuna/flask/compagnon/compagnon/app/utils.py', reloading
INFO:werkzeug: * Restarting with stat
WARNING:werkzeug: * Debugger is active!
INFO:werkzeug: * Debugger pin code: 210-097-500
INFO:werkzeug: * Detected change in '/home/arjjuna/flask/compagnon/compagnon/app/prof/views.py', reloading
INFO:werkzeug: * Restarting with stat
WARNING:werkzeug: * Debugger is active!
INFO:werkzeug: * Debugger pin code: 210-097-500
INFO:werkzeug: * Detected change in '/home/arjjuna/flask/compagnon/compagnon/app/prof/views.py', reloading
INFO:werkzeug: * Restarting with stat
WARNING:werkzeug: * Debugger is active!
INFO:werkzeug: * Debugger pin code: 210-097-500
INFO:werkzeug: * Detected change in '/home/arjjuna/flask/compagnon/compagnon/app/prof/views.py', reloading
INFO:werkzeug: * Restarting with stat
WARNING:werkzeug: * Debugger is active!
INFO:werkzeug: * Debugger pin code: 210-097-500
INFO:werkzeug: * Restarting with stat
WARNING:werkzeug: * Debugger is active!
INFO:werkzeug: * Debugger pin code: 210-097-500
INFO:werkzeug: * Detected change in '/home/arjjuna/flask/compagnon/compagnon/app/prof/views.py', reloading
INFO:werkzeug: * Restarting with stat
WARNING:werkzeug: * Debugger is active!
INFO:werkzeug: * Debugger pin code: 210-097-500
INFO:werkzeug: * Detected change in '/home/arjjuna/flask/compagnon/compagnon/app/prof/views.py', reloading
INFO:werkzeug: * Restarting with stat
WARNING:werkzeug: * Debugger is active!
INFO:werkzeug: * Debugger pin code: 210-097-500
INFO:werkzeug: * Detected change in '/home/arjjuna/flask/compagnon/compagnon/app/prof/views.py', reloading
INFO:werkzeug: * Restarting with stat
WARNING:werkzeug: * Debugger is active!
INFO:werkzeug: * Debugger pin code: 210-097-500
INFO:werkzeug: * Detected change in '/home/arjjuna/flask/compagnon/compagnon/app/prof/views.py', reloading
INFO:werkzeug: * Restarting with stat
WARNING:werkzeug: * Debugger is active!
INFO:werkzeug: * Debugger pin code: 210-097-500
INFO:werkzeug: * Detected change in '/home/arjjuna/flask/compagnon/compagnon/app/models.py', reloading
INFO:werkzeug: * Restarting with stat
WARNING:werkzeug: * Debugger is active!
INFO:werkzeug: * Debugger pin code: 210-097-500
INFO:werkzeug: * Detected change in '/home/arjjuna/flask/compagnon/compagnon/app/main/views.py', reloading
INFO:werkzeug: * Restarting with stat
INFO:werkzeug: * Restarting with stat
WARNING:werkzeug: * Debugger is active!
INFO:werkzeug: * Debugger pin code: 210-097-500
INFO:werkzeug: * Detected change in '/home/arjjuna/flask/compagnon/compagnon/app/main/views.py', reloading
INFO:werkzeug: * Restarting with stat
INFO:werkzeug: * Restarting with stat
WARNING:werkzeug: * Debugger is active!
INFO:werkzeug: * Debugger pin code: 210-097-500
INFO:werkzeug: * Detected change in '/home/arjjuna/flask/compagnon/compagnon/config.py', reloading
INFO:werkzeug: * Restarting with stat
WARNING:werkzeug: * Debugger is active!
INFO:werkzeug: * Debugger pin code: 210-097-500
INFO:werkzeug: * Detected change in '/home/arjjuna/flask/compagnon/compagnon/app/main/views.py', reloading
INFO:werkzeug: * Restarting with stat
WARNING:werkzeug: * Debugger is active!
INFO:werkzeug: * Debugger pin code: 210-097-500
INFO:werkzeug: * Detected change in '/home/arjjuna/flask/compagnon/compagnon/app/prof/views.py', reloading
INFO:werkzeug: * Restarting with stat
WARNING:werkzeug: * Debugger is active!
INFO:werkzeug: * Debugger pin code: 210-097-500
INFO:werkzeug: * Detected change in '/home/arjjuna/flask/compagnon/compagnon/app/prof/views.py', reloading
INFO:werkzeug: * Restarting with stat
WARNING:werkzeug: * Debugger is active!
INFO:werkzeug: * Debugger pin code: 210-097-500
INFO:werkzeug: * Restarting with stat
WARNING:werkzeug: * Debugger is active!
INFO:werkzeug: * Debugger pin code: 299-266-661
